<?xml version="1.0" encoding="UTF-8"?>
<!-- Generated by org.testng.reporters.JUnitReportReporter -->
<testsuite hostname="Divya_Mohan" failures="0" tests="2" name="com.framework.runner.TestRunner" time="5.836" errors="0" timestamp="01 Nov 2022 00:11:39 GMT" skipped="0">
  <testcase classname="com.framework.runner.TestRunner" name="scenario" time="2.558"/>
  <testcase classname="com.framework.runner.TestRunner" name="scenario" time="3.278"/>
</testsuite> <!-- com.framework.runner.TestRunner -->
